{"/home/ash/code/forks/beginner-coding-problems/src/problems/filter-array.ts": {"path":"/home/ash/code/forks/beginner-coding-problems/src/problems/filter-array.ts","statementMap":{"0":{"start":{"line":1,"column":13},"end":{"line":1,"column":85}},"1":{"start":{"line":1,"column":46},"end":{"line":1,"column":84}},"2":{"start":{"line":1,"column":63},"end":{"line":1,"column":83}}},"fnMap":{"0":{"name":"(anonymous_0)","decl":{"start":{"line":1,"column":27},"end":{"line":1,"column":28}},"loc":{"start":{"line":1,"column":46},"end":{"line":1,"column":84}}},"1":{"name":"(anonymous_1)","decl":{"start":{"line":1,"column":57},"end":{"line":1,"column":59}},"loc":{"start":{"line":1,"column":63},"end":{"line":1,"column":83}}}},"branchMap":{},"s":{"0":1,"1":1,"2":4},"f":{"0":1,"1":4},"b":{}}
,"/home/ash/code/forks/beginner-coding-problems/src/problems/greet.ts": {"path":"/home/ash/code/forks/beginner-coding-problems/src/problems/greet.ts","statementMap":{"0":{"start":{"line":1,"column":13},"end":{"line":1,"column":56}},"1":{"start":{"line":1,"column":39},"end":{"line":1,"column":55}}},"fnMap":{"0":{"name":"(anonymous_0)","decl":{"start":{"line":1,"column":21},"end":{"line":1,"column":22}},"loc":{"start":{"line":1,"column":39},"end":{"line":1,"column":55}}}},"branchMap":{},"s":{"0":1,"1":1},"f":{"0":1},"b":{}}
}
