{"/home/ash/code/forks/beginner-coding-problems/src/problems/greet.ts": {"path":"/home/ash/code/forks/beginner-coding-problems/src/problems/greet.ts","statementMap":{"0":{"start":{"line":1,"column":13},"end":{"line":1,"column":56}},"1":{"start":{"line":1,"column":39},"end":{"line":1,"column":55}}},"fnMap":{"0":{"name":"(anonymous_0)","decl":{"start":{"line":1,"column":21},"end":{"line":1,"column":22}},"loc":{"start":{"line":1,"column":39},"end":{"line":1,"column":55}}}},"branchMap":{},"s":{"0":1,"1":1},"f":{"0":1},"b":{}}
,"/home/ash/code/forks/beginner-coding-problems/src/problems/sum-of-array-elements.ts": {"path":"/home/ash/code/forks/beginner-coding-problems/src/problems/sum-of-array-elements.ts","statementMap":{"0":{"start":{"line":1,"column":13},"end":{"line":1,"column":99}},"1":{"start":{"line":1,"column":61},"end":{"line":1,"column":98}},"2":{"start":{"line":1,"column":87},"end":{"line":1,"column":97}}},"fnMap":{"0":{"name":"(anonymous_0)","decl":{"start":{"line":1,"column":34},"end":{"line":1,"column":35}},"loc":{"start":{"line":1,"column":61},"end":{"line":1,"column":98}}},"1":{"name":"(anonymous_1)","decl":{"start":{"line":1,"column":72},"end":{"line":1,"column":73}},"loc":{"start":{"line":1,"column":87},"end":{"line":1,"column":97}}}},"branchMap":{},"s":{"0":1,"1":1,"2":4},"f":{"0":1,"1":4},"b":{}}
}
